Base path: /Applications/Unity/Unity.app/Contents
Cmd: initializeCompiler
Cmd: compileComputeKernel
  api=14 insize=2059 outsize=789 ok=1
Cmd: compileComputeKernel
  api=14 insize=2780 outsize=48933 ok=1
Cmd: translateComputeKernel
  api=14 insize=48553 outsize=85569 ok=1
Cmd: compileComputeKernel
  api=14 insize=7330 outsize=10693 ok=1
Cmd: translateComputeKernel
  api=14 insize=10693 outsize=18705 ok=1
Cmd: compileComputeKernel
  api=14 insize=5004 outsize=5509 ok=1
Cmd: translateComputeKernel
  api=14 insize=10793 outsize=17681 ok=1
Cmd: compileComputeKernel
  api=14 insize=9166 outsize=9621 ok=1
Cmd: compileComputeKernel
  api=14 insize=9166 outsize=9937 ok=1
Cmd: translateComputeKernel
  api=14 insize=9381 outsize=16149 ok=1
Cmd: translateComputeKernel
  api=14 insize=7001 outsize=13513 ok=1
Cmd: compileComputeKernel
  api=14 insize=1806 outsize=2021 ok=1
Cmd: translateComputeKernel
  api=14 insize=1145 outsize=1433 ok=1
Cmd: translateComputeKernel
  api=14 insize=2097 outsize=3445 ok=1
Cmd: initializeCompiler
Cmd: initializeCompiler
Cmd: initializeCompiler
Cmd: initializeCompiler
Cmd: compileComputeKernel
  api=14 insize=1957 outsize=2017 ok=1
Cmd: translateComputeKernel
  api=14 insize=2017 outsize=3617 ok=1
Cmd: initializeCompiler
Cmd: initializeCompiler

Quitting shader compiler process
